<?xml version="1.0" encoding="UTF-8"?>
<!-- Generated by org.testng.reporters.JUnitXMLReporter -->
<testsuite ignored="0" hostname="Mythri" failures="1" tests="2" name="Test" time="52.287" errors="0" timestamp="2024-09-23T18:20:27 CDT">
  <testcase classname="Selenium_Project.TestCases.E2E" name="submitOrder_Creditcard" time="30.723"/>
  <testcase classname="Selenium_Project.TestCases.E2E" name="validateInvoice" time="1.404">
    <failure type="java.lang.AssertionError" message="expected [true] but found [false]">
      <![CDATA[java.lang.AssertionError: expected [true] but found [false]
at Selenium_Project.pageObjects.InvoicePage.invoicesList(InvoicePage.java:44)
at Selenium_Project.TestCases.E2E.validateInvoice(E2E.java:65)
at java.base/java.util.ArrayList.forEach(ArrayList.java:1597)
at java.base/java.util.concurrent.FutureTask.run(FutureTask.java:317)
at java.base/java.util.concurrent.ThreadPoolExecutor.runWorker(ThreadPoolExecutor.java:1144)
at java.base/java.util.concurrent.ThreadPoolExecutor$Worker.run(ThreadPoolExecutor.java:642)
at java.base/java.lang.Thread.run(Thread.java:1570)
... Removed 19 stack frames]]>
    </failure>
  </testcase> <!-- validateInvoice -->
</testsuite> <!-- Test -->
